Removed world/DIM-1/poi/r.-1.-1.mca: not used
Removed world/DIM-1/poi/r.-1.0.mca: not used
Removed world/DIM-1/poi/r.0.-1.mca: not used
Removed world/DIM-1/poi/r.0.0.mca: not used
Removed world/DIM1/poi/r.-1.-1.mca: not used
Removed world/DIM1/poi/r.-1.-2.mca: not used
Removed world/DIM1/poi/r.-1.-3.mca: not used
Removed world/DIM1/poi/r.-1.-4.mca: not used
Removed world/DIM1/poi/r.-1.0.mca: not used
Removed world/DIM1/poi/r.-2.-3.mca: not used
Removed world/DIM1/poi/r.-2.-4.mca: not used
Removed world/DIM1/poi/r.-4.-1.mca: not used
Removed world/DIM1/poi/r.0.-1.mca: not used
Removed world/DIM1/poi/r.0.-2.mca: not used
Removed world/DIM1/poi/r.0.-3.mca: not used
Removed world/DIM1/poi/r.0.-4.mca: not used
Removed world/DIM1/poi/r.0.0.mca: not used
Removed world/DIM1/poi/r.1.-3.mca: not used
Removed world/DIM1/poi/r.1.-4.mca: not used
Removed world/gc-logs/gc-20200104_1841.log: not used
Removed world/gc-logs/gc-20200108_0604.log: not used
Removed world/gc-logs/gc-20200109_2121.log: not used
Validated 1318 files, 1296 accepted, 22 rejected.
